<?xml version="1.0" encoding="UTF-8" ?>
<testsuite errors="0" failures="0" hostname="mzi5" name="com.thebodgeitstore.selenium.tests.FunctionalTest" skipped="0" tests="1" time="34.785" timestamp="2015-11-24T19:05:25">
  <properties>
    <property name="ant.project.invoked-targets" value="test" />
    <property name="java.runtime.name" value="Java(TM) SE Runtime Environment" />
    <property name="sun.boot.library.path" value="/usr/lib/jvm/java-8-oracle/jre/lib/amd64" />
    <property name="java.vm.version" value="25.66-b17" />
    <property name="ant.library.dir" value="/usr/share/ant/lib" />
    <property name="ant.version" value="Apache Ant(TM) version 1.9.6 compiled on July 8 2015" />
    <property name="ant.java.version" value="1.8" />
    <property name="java.vm.vendor" value="Oracle Corporation" />
    <property name="java.vendor.url" value="http://java.oracle.com/" />
    <property name="path.separator" value=":" />
    <property name="java.vm.name" value="Java HotSpot(TM) 64-Bit Server VM" />
    <property name="file.encoding.pkg" value="sun.io" />
    <property name="user.country" value="US" />
    <property name="sun.java.launcher" value="SUN_STANDARD" />
    <property name="sun.os.patch.level" value="unknown" />
    <property name="java.vm.specification.name" value="Java Virtual Machine Specification" />
    <property name="user.dir" value="/home/mz0/bodgeit" />
    <property name="java.runtime.version" value="1.8.0_66-b17" />
    <property name="java.awt.graphicsenv" value="sun.awt.X11GraphicsEnvironment" />
    <property name="basedir" value="/home/mz0/bodgeit" />
    <property name="java.endorsed.dirs" value="/usr/lib/jvm/java-8-oracle/jre/lib/endorsed" />
    <property name="os.arch" value="amd64" />
    <property name="ant.project.default-target" value="compile" />
    <property name="java.io.tmpdir" value="/tmp" />
    <property name="ant.core.lib" value="/usr/share/ant/lib/ant.jar" />
    <property name="line.separator" value="&#xa;" />
    <property name="java.vm.specification.vendor" value="Oracle Corporation" />
    <property name="os.name" value="Linux" />
    <property name="ant.home" value="/usr/share/ant" />
    <property name="zap.session" value="zapBo.session" />
    <property name="sun.jnu.encoding" value="UTF-8" />
    <property name="zap.targetApp" value="http://localhost:8080/bodgeit/" />
    <property name="zap.addr" value="localhost" />
    <property name="java.library.path" value="/usr/java/packages/lib/amd64:/usr/lib64:/lib64:/lib:/usr/lib" />
    <property name="java.specification.name" value="Java Platform API Specification" />
    <property name="java.class.version" value="52.0" />
    <property name="sun.management.compiler" value="HotSpot 64-Bit Tiered Compilers" />
    <property name="os.version" value="4.2.0-18-generic" />
    <property name="zap.dir" value="/home/mz0/zap2" />
    <property name="ant.file" value="/home/mz0/bodgeit/build.xml" />
    <property name="zap.target" value="http://localhost:8080/" />
    <property name="user.home" value="/home/mz0" />
    <property name="user.timezone" value="" />
    <property name="java.awt.printerjob" value="sun.print.PSPrinterJob" />
    <property name="bodgeit.home" value="/home/mz0/bodgeit" />
    <property name="java.specification.version" value="1.8" />
    <property name="file.encoding" value="UTF-8" />
    <property name="user.name" value="mz0" />
    <property name="java.class.path" value="/usr/share/ant/lib/ant-launcher.jar:/usr/share/ant/lib/ant-apache-resolver.jar:/usr/share/ant/lib/ant-apache-log4j.jar:/usr/share/ant/lib/jsch.jar:/usr/share/ant/lib/ant-swing.jar:/usr/share/ant/lib/ant-javamail.jar:/usr/share/ant/lib/junit.jar:/usr/share/ant/lib/ant-junit.jar:/usr/share/ant/lib/ant-apache-regexp.jar:/usr/share/ant/lib/ant-antlr.jar:/usr/share/ant/lib/ant-apache-bsf.jar:/usr/share/ant/lib/ant-junit4.jar:/usr/share/ant/lib/ant-commons-logging.jar:/usr/share/ant/lib/ant.jar:/usr/share/ant/lib/ant-apache-oro.jar:/usr/share/ant/lib/ant-testutil.jar:/usr/share/ant/lib/ant-jdepend.jar:/usr/share/ant/lib/ant-apache-xalan2.jar:/usr/share/ant/lib/ant-launcher.jar:/usr/share/ant/lib/ant-apache-bcel.jar:/usr/share/ant/lib/ant-commons-net.jar:/usr/share/ant/lib/ant-jmf.jar:/usr/share/ant/lib/ant-jsch.jar:/usr/lib/jvm/java-8-oracle/lib/tools.jar" />
    <property name="zap.port" value="8090" />
    <property name="java.vm.specification.version" value="1.8" />
    <property name="java.home" value="/usr/lib/jvm/java-8-oracle/jre" />
    <property name="sun.java.command" value="org.apache.tools.ant.launch.Launcher -cp  test" />
    <property name="sun.arch.data.model" value="64" />
    <property name="java.specification.vendor" value="Oracle Corporation" />
    <property name="user.language" value="en" />
    <property name="awt.toolkit" value="sun.awt.X11.XToolkit" />
    <property name="java.vm.info" value="mixed mode" />
    <property name="java.version" value="1.8.0_66" />
    <property name="java.ext.dirs" value="/usr/lib/jvm/java-8-oracle/jre/lib/ext:/usr/java/packages/lib/ext" />
    <property name="sun.boot.class.path" value="/usr/lib/jvm/java-8-oracle/jre/lib/resources.jar:/usr/lib/jvm/java-8-oracle/jre/lib/rt.jar:/usr/lib/jvm/java-8-oracle/jre/lib/sunrsasign.jar:/usr/lib/jvm/java-8-oracle/jre/lib/jsse.jar:/usr/lib/jvm/java-8-oracle/jre/lib/jce.jar:/usr/lib/jvm/java-8-oracle/jre/lib/charsets.jar:/usr/lib/jvm/java-8-oracle/jre/lib/jfr.jar:/usr/lib/jvm/java-8-oracle/jre/classes" />
    <property name="java.vendor" value="Oracle Corporation" />
    <property name="deploy.dir" value="/home/mz0/tomcat/webapps" />
    <property name="file.separator" value="/" />
    <property name="java.vendor.url.bug" value="http://bugreport.sun.com/bugreport/" />
    <property name="sun.cpu.endian" value="little" />
    <property name="sun.io.unicode.encoding" value="UnicodeLittle" />
    <property name="ant.file.type" value="file" />
    <property name="sun.desktop" value="gnome" />
    <property name="sun.cpu.isalist" value="" />
  </properties>
  <testcase classname="com.thebodgeitstore.selenium.tests.FunctionalTest" name="testAll" time="34.725" />
  <system-out><![CDATA[]]></system-out>
  <system-err><![CDATA[]]></system-err>
</testsuite>
